#
# There is insufficient memory for the Java Runtime Environment to continue.
# Native memory allocation (mmap) failed to map 65011712 bytes for G1 virtual space
# Possible reasons:
#   The system is out of physical RAM or swap space
#   The process is running with CompressedOops enabled, and the Java Heap may be blocking the growth of the native heap
# Possible solutions:
#   Reduce memory load on the system
#   Increase physical memory or swap space
#   Check if swap backing store is full
#   Decrease Java heap size (-Xmx/-Xms)
#   Decrease number of Java threads
#   Decrease Java thread stack sizes (-Xss)
#   Set larger code cache with -XX:ReservedCodeCacheSize=
#   JVM is running with Unscaled Compressed Oops mode in which the Java heap is
#     placed in the first 4GB address space. The Java Heap base address is the
#     maximum limit for the native heap growth. Please use -XX:HeapBaseMinAddress
#     to set the Java Heap base and to place the Java Heap above 4GB virtual address.
# This output file may be truncated or incomplete.
#
#  Out of Memory Error (os_windows.cpp:3541), pid=3272, tid=11564
#
# JRE version:  (17.0.4.1+1) (build )
# Java VM: OpenJDK 64-Bit Server VM (17.0.4.1+1, mixed mode, sharing, tiered, compressed oops, compressed class ptrs, g1 gc, windows-amd64)
# No core dump will be written. Minidumps are not enabled by default on client versions of Windows
#

---------------  S U M M A R Y ------------

Command Line: -agentlib:jdwp=transport=dt_socket,server=n,suspend=y,address=localhost:53128 -XX:+ShowCodeDetailsInExceptionMessages Dictionary_Order

Host: Intel(R) Core(TM) i3-10110U CPU @ 2.10GHz, 4 cores, 3G,  Windows 11 , 64 bit Build 22000 (10.0.22000.708)
Time: Mon Oct 17 06:42:08 2022 India Standard Time elapsed time: 0.519065 seconds (0d 0h 0m 0s)

---------------  T H R E A D  ---------------

Current thread (0x000001ffbb25def0):  JavaThread "Unknown thread" [_thread_in_vm, id=11564, stack(0x0000006b96900000,0x0000006b96a00000)]

Stack: [0x0000006b96900000,0x0000006b96a00000]
Native frames: (J=compiled Java code, j=interpreted, Vv=VM code, C=native code)
V  [jvm.dll+0x67731a]
V  [jvm.dll+0x832284]
V  [jvm.dll+0x833a2e]
V  [jvm.dll+0x834093]
V  [jvm.dll+0x245775]
V  [jvm.dll+0x674209]
V  [jvm.dll+0x668a92]
V  [jvm.dll+0x30471b]
V  [jvm.dll+0x30bc66]
V  [jvm.dll+0x35ba9e]
V  [jvm.dll+0x35bccf]
V  [jvm.dll+0x2db5b8]
V  [jvm.dll+0x2dc524]
V  [jvm.dll+0x803db1]
V  [jvm.dll+0x3698f1]
V  [jvm.dll+0x7e31bc]
V  [jvm.dll+0x3ec25f]
V  [jvm.dll+0x3edde1]
C  [jli.dll+0x5277]
C  [ucrtbase.dll+0x26c0c]
C  [KERNEL32.DLL+0x154e0]
C  [ntdll.dll+0x485b]


---------------  P R O C E S S  ---------------

Threads class SMR info:
_java_thread_list=0x00007ff8e2eb4e98, length=0, elements={
}

Java Threads: ( => current thread )

Other Threads:
  0x000001ffbd2c9000 GCTaskThread "GC Thread#0" [stack: 0x0000006b96a00000,0x0000006b96b00000] [id=9844]
  0x000001ffbd2d1ac0 ConcurrentGCThread "G1 Main Marker" [stack: 0x0000006b96b00000,0x0000006b96c00000] [id=9848]
  0x000001ffbd2d34e0 ConcurrentGCThread "G1 Conc#0" [stack: 0x0000006b96c00000,0x0000006b96d00000] [id=9852]

[error occurred during error reporting (printing all threads), id 0xc0000005, EXCEPTION_ACCESS_VIOLATION (0xc0000005) at pc=0x00007ff8e268c047]

VM state: not at safepoint (not fully initialized)

VM Mutex/Monitor currently owned by a thread:  ([mutex/lock_event])
[0x000001ffbd28e620] Heap_lock - owner thread: 0x000001ffbb25def0

Heap address: 0x00000000c2400000, size: 988 MB, Compressed Oops mode: 32-bit

CDS archive(s) mapped at: [0x0000000000000000-0x0000000000000000-0x0000000000000000), size 0, SharedBaseAddress: 0x0000000800000000, ArchiveRelocationMode: 0.
Narrow klass base: 0x0000000000000000, Narrow klass shift: 0, Narrow klass range: 0x0

GC Precious Log:
<Empty>

Heap:
 garbage-first heap   total 0K, used 0K [0x00000000c2400000, 0x0000000100000000)
  region size 1024K, 0 young (0K), 0 survivors (0K)

[error occurred during error reporting (printing heap information), id 0xc0000005, EXCEPTION_ACCESS_VIOLATION (0xc0000005) at pc=0x00007ff8e2a70699]

GC Heap History (0 events):
No events

Deoptimization events (0 events):
No events

Classes unloaded (0 events):
No events

Classes redefined (0 events):
No events

Internal exceptions (0 events):
No events

VM Operations (0 events):
No events

Events (1 events):
Event: 0.019 Loaded shared library C:\Program Files\Eclipse Adoptium\jdk-17.0.4.101-hotspot\bin\java.dll


Dynamic libraries:
0x00007ff745d30000 - 0x00007ff745d3e000 	C:\Program Files\Eclipse Adoptium\jdk-17.0.4.101-hotspot\bin\java.exe
0x00007ff95f7e0000 - 0x00007ff95f9e9000 	C:\Windows\SYSTEM32\ntdll.dll
0x00007ff95e9e0000 - 0x00007ff95ea9d000 	C:\Windows\System32\KERNEL32.DLL
0x00007ff95d230000 - 0x00007ff95d5ab000 	C:\Windows\System32\KERNELBASE.dll
0x00007ff95ce20000 - 0x00007ff95cf31000 	C:\Windows\System32\ucrtbase.dll
0x00007ff93e3f0000 - 0x00007ff93e408000 	C:\Program Files\Eclipse Adoptium\jdk-17.0.4.101-hotspot\bin\jli.dll
0x00007ff95f030000 - 0x00007ff95f1dd000 	C:\Windows\System32\USER32.dll
0x00007ff95d630000 - 0x00007ff95d656000 	C:\Windows\System32\win32u.dll
0x00007ff95d930000 - 0x00007ff95d959000 	C:\Windows\System32\GDI32.dll
0x00007ff95d070000 - 0x00007ff95d188000 	C:\Windows\System32\gdi32full.dll
0x00007ff95d190000 - 0x00007ff95d22d000 	C:\Windows\System32\msvcp_win.dll
0x00007ff93e370000 - 0x00007ff93e389000 	C:\Program Files\Eclipse Adoptium\jdk-17.0.4.101-hotspot\bin\VCRUNTIME140.dll
0x00007ff940a70000 - 0x00007ff940d15000 	C:\Windows\WinSxS\amd64_microsoft.windows.common-controls_6595b64144ccf1df_6.0.22000.120_none_9d947278b86cc467\COMCTL32.dll
0x00007ff95e930000 - 0x00007ff95e9d3000 	C:\Windows\System32\msvcrt.dll
0x00007ff95f670000 - 0x00007ff95f6a1000 	C:\Windows\System32\IMM32.DLL
0x00007ff958710000 - 0x00007ff95871c000 	C:\Program Files\Eclipse Adoptium\jdk-17.0.4.101-hotspot\bin\vcruntime140_1.dll
0x00007ff92c8b0000 - 0x00007ff92c941000 	C:\Program Files\Eclipse Adoptium\jdk-17.0.4.101-hotspot\bin\msvcp140.dll
0x00007ff8e23a0000 - 0x00007ff8e2fe6000 	C:\Program Files\Eclipse Adoptium\jdk-17.0.4.101-hotspot\bin\server\jvm.dll
0x00007ff95e620000 - 0x00007ff95e6ce000 	C:\Windows\System32\ADVAPI32.dll
0x00007ff95e880000 - 0x00007ff95e91e000 	C:\Windows\System32\sechost.dll
0x00007ff95d7f0000 - 0x00007ff95d910000 	C:\Windows\System32\RPCRT4.dll
0x00007ff95e6d0000 - 0x00007ff95e6d8000 	C:\Windows\System32\PSAPI.DLL
0x00007ff954090000 - 0x00007ff954099000 	C:\Windows\SYSTEM32\WSOCK32.dll
0x00007ff95d660000 - 0x00007ff95d6cf000 	C:\Windows\System32\WS2_32.dll
0x00007ff950a70000 - 0x00007ff950aa3000 	C:\Windows\SYSTEM32\WINMM.dll
0x00007ff950250000 - 0x00007ff95025a000 	C:\Windows\SYSTEM32\VERSION.dll
0x00007ff95bd80000 - 0x00007ff95bd98000 	C:\Windows\SYSTEM32\kernel.appcore.dll
0x00007ff956e30000 - 0x00007ff956e3a000 	C:\Program Files\Eclipse Adoptium\jdk-17.0.4.101-hotspot\bin\jimage.dll
0x00007ff95a340000 - 0x00007ff95a561000 	C:\Windows\SYSTEM32\DBGHELP.DLL
0x00007ff9489f0000 - 0x00007ff948a21000 	C:\Windows\SYSTEM32\dbgcore.DLL
0x00007ff95d5b0000 - 0x00007ff95d62f000 	C:\Windows\System32\bcryptPrimitives.dll
0x00007ff93cb70000 - 0x00007ff93cbab000 	C:\Program Files\Eclipse Adoptium\jdk-17.0.4.101-hotspot\bin\jdwp.dll
0x00007ff92c880000 - 0x00007ff92c8a5000 	C:\Program Files\Eclipse Adoptium\jdk-17.0.4.101-hotspot\bin\java.dll

dbghelp: loaded successfully - version: 4.0.5 - missing functions: none
symbol engine: initialized successfully - sym options: 0x614 - pdb path: .;C:\Program Files\Eclipse Adoptium\jdk-17.0.4.101-hotspot\bin;C:\Windows\SYSTEM32;C:\Windows\WinSxS\amd64_microsoft.windows.common-controls_6595b64144ccf1df_6.0.22000.120_none_9d947278b86cc467;C:\Program Files\Eclipse Adoptium\jdk-17.0.4.101-hotspot\bin\server

VM Arguments:
jvm_args: -agentlib:jdwp=transport=dt_socket,server=n,suspend=y,address=localhost:53128 -XX:+ShowCodeDetailsInExceptionMessages 
java_command: Dictionary_Order
java_class_path (initial): C:\Users\2000c\AppData\Roaming\Code\User\workspaceStorage\8ba19ac1b9cc771d35e31d2af6ddc37c\redhat.java\jdt_ws\Recursion_ab797d7f\bin
Launcher Type: SUN_STANDARD

[Global flags]
     intx CICompilerCount                          = 3                                         {product} {ergonomic}
     uint ConcGCThreads                            = 1                                         {product} {ergonomic}
     uint G1ConcRefinementThreads                  = 4                                         {product} {ergonomic}
   size_t G1HeapRegionSize                         = 1048576                                   {product} {ergonomic}
    uintx GCDrainStackTargetSize                   = 64                                        {product} {ergonomic}
   size_t InitialHeapSize                          = 65011712                                  {product} {ergonomic}
   size_t MarkStackSize                            = 4194304                                   {product} {ergonomic}
   size_t MaxHeapSize                              = 1035993088                                {product} {ergonomic}
   size_t MinHeapDeltaBytes                        = 1048576                                   {product} {ergonomic}
   size_t MinHeapSize                              = 8388608                                   {product} {ergonomic}
    uintx NonNMethodCodeHeapSize                   = 5832780                                {pd product} {ergonomic}
    uintx NonProfiledCodeHeapSize                  = 122912730                              {pd product} {ergonomic}
    uintx ProfiledCodeHeapSize                     = 122912730                              {pd product} {ergonomic}
    uintx ReservedCodeCacheSize                    = 251658240                              {pd product} {ergonomic}
     bool SegmentedCodeCache                       = true                                      {product} {ergonomic}
     bool ShowCodeDetailsInExceptionMessages       = true                                   {manageable} {command line}
   size_t SoftMaxHeapSize                          = 1035993088                             {manageable} {ergonomic}
     bool UseCompressedClassPointers               = true                           {product lp64_product} {ergonomic}
     bool UseCompressedOops                        = true                           {product lp64_product} {ergonomic}
     bool UseG1GC                                  = true                                      {product} {ergonomic}
     bool UseLargePagesIndividualAllocation        = false                                  {pd product} {ergonomic}

Logging:
Log output configuration:
 #0: stdout all=warning uptime,level,tags
 #1: stderr all=off uptime,level,tags

Environment Variables:
PATH=C:\Program Files\Common Files\Oracle\Java\javapath;C:\Program Files\Eclipse Adoptium\jdk-17.0.4.101-hotspot\bin;C:\Windows\system32;C:\Windows;C:\Windows\System32\Wbem;C:\Windows\System32\WindowsPowerShell\v1.0\;C:\Windows\System32\OpenSSH\;C:\Program Files\dotnet\;C:\Program Files\Git\cmd;C:\Users\2000c\AppData\Local\Microsoft\WindowsApps;;C:\Users\2000c\AppData\Local\Programs\Microsoft VS Code\bin
USERNAME=2000c
LANG=en_US.UTF-8
OS=Windows_NT
PROCESSOR_IDENTIFIER=Intel64 Family 6 Model 142 Stepping 12, GenuineIntel
TMP=C:\Users\2000c\AppData\Local\Temp
TEMP=C:\Users\2000c\AppData\Local\Temp



---------------  S Y S T E M  ---------------

OS:
 Windows 11 , 64 bit Build 22000 (10.0.22000.708)
OS uptime: 0 days 1:05 hours
Hyper-V role detected

CPU: total 4 (initial active 4) (2 cores per cpu, 2 threads per core) family 6 model 142 stepping 12 microcode 0xf0, cx8, cmov, fxsr, ht, mmx, 3dnowpref, sse, sse2, sse3, ssse3, sse4.1, sse4.2, popcnt, lzcnt, tsc, tscinvbit, avx, avx2, aes, erms, clmul, bmi1, bmi2, adx, fma, vzeroupper, clflush, clflushopt, hv

Memory: 4k page, system-wide physical 3945M (244M free)
TotalPageFile size 8024M (AvailPageFile size 36M)
current process WorkingSet (physical memory assigned to process): 10M, peak: 10M
current process commit charge ("private bytes"): 51M, peak: 113M

vm_info: OpenJDK 64-Bit Server VM (17.0.4.1+1) for windows-amd64 JRE (17.0.4.1+1), built on Aug 17 2022 07:42:43 by "temurin" with MS VC++ 16.7 (VS2019)

END.
